<?xml version="1.0" encoding="UTF-8"?>
<!-- Generated by org.testng.reporters.JUnitReportReporter -->
<testsuite skipped="0" hostname="DESKTOP-G28MNR6" name="RunnerFile.TestRunner" tests="1" failures="0" timestamp="2020-08-01T22:48:11 IST" time="6.351" errors="0">
  <testcase name="runScenario" time="6.351" classname="RunnerFile.TestRunner"/>
  <system-out/>
</testsuite> <!-- RunnerFile.TestRunner -->
