<?xml version="1.0" encoding="UTF-8"?>
<!-- Generated by org.testng.reporters.JUnitReportReporter -->
<testsuite skipped="0" hostname="DESKTOP-G28MNR6" name="BaseClass.Using_JsonObject" tests="3" failures="0" timestamp="2020-07-25T21:24:19 IST" time="6.851" errors="0">
  <testcase name="jsonobjpost" time="5.780" classname="BaseClass.Using_JsonObject"/>
  <system-out/>
  <testcase name="UsingPutMap" time="0.624" classname="BaseClass.Using_JsonObject"/>
  <system-out/>
  <testcase name="UsingDeleteMap" time="0.447" classname="BaseClass.Using_JsonObject"/>
  <system-out/>
</testsuite> <!-- BaseClass.Using_JsonObject -->
