<?xml version="1.0" encoding="UTF-8"?>
<!-- Generated by org.testng.reporters.JUnitReportReporter -->
<testsuite skipped="0" hostname="DESKTOP-G28MNR6" name="BaseClass.Calling_Method_Using_Enum_Class" tests="3" failures="0" timestamp="2020-07-22T22:23:50 IST" time="4.644" errors="0">
  <testcase name="callingenum" time="3.679" classname="BaseClass.Calling_Method_Using_Enum_Class"/>
  <system-out/>
  <testcase name="callingput" time="0.516" classname="BaseClass.Calling_Method_Using_Enum_Class"/>
  <system-out/>
  <testcase name="callingdel" time="0.449" classname="BaseClass.Calling_Method_Using_Enum_Class"/>
  <system-out/>
</testsuite> <!-- BaseClass.Calling_Method_Using_Enum_Class -->
