<?xml version="1.0" encoding="UTF-8"?>
<!-- Generated by org.testng.reporters.JUnitReportReporter -->
<testsuite skipped="0" hostname="DESKTOP-G28MNR6" name="BaseClass.Log_File" tests="1" failures="0" timestamp="2020-07-21T22:24:41 IST" time="3.441" errors="0">
  <testcase name="createlog" time="3.441" classname="BaseClass.Log_File"/>
  <system-out/>
</testsuite> <!-- BaseClass.Log_File -->
