<?xml version="1.0" encoding="UTF-8"?>
<!-- Generated by org.testng.reporters.JUnitReportReporter -->
<testsuite skipped="0" hostname="DESKTOP-G28MNR6" name="BaseClass.Adding_Through_JsonPath" tests="3" failures="0" timestamp="2020-07-22T23:08:19 IST" time="3.877" errors="0">
  <testcase name="PostAuthormethod" time="2.819" classname="BaseClass.Adding_Through_JsonPath"/>
  <system-out/>
  <testcase name="putmethod" time="0.491" classname="BaseClass.Adding_Through_JsonPath"/>
  <system-out/>
  <testcase name="PostAuthormethod1" time="0.567" classname="BaseClass.Adding_Through_JsonPath"/>
  <system-out/>
</testsuite> <!-- BaseClass.Adding_Through_JsonPath -->
