<?xml version="1.0" encoding="UTF-8"?>
<!-- Generated by org.testng.reporters.JUnitReportReporter -->
<testsuite skipped="0" hostname="DESKTOP-G28MNR6" name="BaseClass.Basic_Class" tests="2" failures="0" timestamp="2020-07-21T22:23:18 IST" time="3.933" errors="0">
  <testcase name="methods" time="3.382" classname="BaseClass.Basic_Class"/>
  <system-out/>
  <testcase name="ragulshetty" time="0.551" classname="BaseClass.Basic_Class"/>
  <system-out/>
</testsuite> <!-- BaseClass.Basic_Class -->
