<?xml version="1.0" encoding="UTF-8"?>
<!-- Generated by org.testng.reporters.JUnitReportReporter -->
<testsuite skipped="0" hostname="DESKTOP-G28MNR6" name="BaseClass.Using_HashMap" tests="3" failures="0" timestamp="2020-07-24T22:41:12 IST" time="4.734" errors="0">
  <testcase name="UsingPostMap" time="3.547" classname="BaseClass.Using_HashMap"/>
  <system-out/>
  <testcase name="UsingPutMap" time="0.669" classname="BaseClass.Using_HashMap"/>
  <system-out/>
  <testcase name="UsingDeleteMap" time="0.518" classname="BaseClass.Using_HashMap"/>
  <system-out/>
</testsuite> <!-- BaseClass.Using_HashMap -->
