<?xml version="1.0" encoding="UTF-8"?>
<!-- Generated by org.testng.reporters.JUnitReportReporter -->
<testsuite skipped="0" hostname="DESKTOP-G28MNR6" name="BaseClass.Get_Request" tests="1" failures="0" timestamp="2020-07-20T22:11:56 IST" time="3.184" errors="0">
  <testcase name="getplace" time="3.184" classname="BaseClass.Get_Request"/>
  <system-out/>
</testsuite> <!-- BaseClass.Get_Request -->
