<?xml version="1.0" encoding="UTF-8"?>
<!-- Generated by org.testng.reporters.JUnitReportReporter -->
<testsuite skipped="0" hostname="DESKTOP-G28MNR6" name="RunnerFile.TestRunner" tests="3" failures="0" timestamp="2020-08-01T23:11:19 IST" time="6.488" errors="0">
  <testcase name="runScenario" time="0.545" classname="RunnerFile.TestRunner"/>
  <system-out/>
  <testcase name="runScenario" time="5.408" classname="RunnerFile.TestRunner"/>
  <system-out/>
  <testcase name="runScenario" time="0.535" classname="RunnerFile.TestRunner"/>
  <system-out/>
</testsuite> <!-- RunnerFile.TestRunner -->
