<?xml version="1.0" encoding="UTF-8"?>
<!-- Generated by org.testng.reporters.JUnitReportReporter -->
<testsuite skipped="0" hostname="DESKTOP-G28MNR6" name="BaseClass.Put_Request" tests="1" failures="0" timestamp="2020-07-21T22:28:04 IST" time="3.507" errors="0">
  <testcase name="updateplace" time="3.507" classname="BaseClass.Put_Request"/>
  <system-out/>
</testsuite> <!-- BaseClass.Put_Request -->
