<?xml version="1.0" encoding="UTF-8"?>
<!-- Generated by org.testng.reporters.JUnitReportReporter -->
<testsuite skipped="0" hostname="DESKTOP-G28MNR6" name="BaseClass.Delete_Request" tests="1" failures="0" timestamp="2020-07-21T22:16:48 IST" time="3.894" errors="0">
  <testcase name="deleteauthor" time="3.894" classname="BaseClass.Delete_Request"/>
  <system-out/>
</testsuite> <!-- BaseClass.Delete_Request -->
